#
# A fatal error has been detected by the Java Runtime Environment:
#
#  SIGBUS (0xa) at pc=0x00000001099dbe92, pid=3423, tid=0x0000000000001b03
#
# JRE version: Java(TM) SE Runtime Environment (8.0_112-b16) (build 1.8.0_112-b16)
# Java VM: Java HotSpot(TM) 64-Bit Server VM (25.112-b16 mixed mode bsd-amd64 compressed oops)
# Problematic frame:
# C  [libzip.dylib+0x2e92]  newEntry+0x154
#
# Failed to write core dump. Core dumps have been disabled. To enable core dumping, try "ulimit -c unlimited" before starting Java again
#
# If you would like to submit a bug report, please visit:
#   http://bugreport.java.com/bugreport/crash.jsp
# The crash happened outside the Java Virtual Machine in native code.
# See problematic frame for where to report the bug.
#

---------------  T H R E A D  ---------------

Current thread (0x00007fbfe4003000):  JavaThread "main" [_thread_in_native, id=6915, stack(0x000070000d14b000,0x000070000d24b000)]

siginfo: si_signo: 10 (SIGBUS), si_code: 2 (BUS_ADRERR), si_addr: 0x000000011df8c4ae

Registers:
RAX=0x00007fbfe2901560, RBX=0x000000011df8c4a2, RCX=0x0000000000000001, RDX=0x0000000000000000
RSP=0x000070000d249000, RBP=0x000070000d249060, RSI=0x0000000000400000, RDI=0x000000000000000b
R8 =0x0000000000000048, R9 =0x00007fbfe1400b10, R10=0x00000000ffc00000, R11=0x0000000000000003
R12=0x00007fbfe400b600, R13=0x000000000000d2b0, R14=0x000000006953fb02, R15=0x00007fbfe1400b90
RIP=0x00000001099dbe92, EFLAGS=0x0000000000010202, ERR=0x0000000000000004
  TRAPNO=0x000000000000000e

Top of Stack: (sp=0x000070000d249000)
0x000070000d249000:   000070000d249040 000000000abba3b3
0x000070000d249010:   3fd37055fd5168c2 00007fbfe160f470
0x000070000d249020:   000070000d249040 00007fbfe2901560
0x000070000d249030:   00007fbfe1400b10 00007fbfe2901560
0x000070000d249040:   00007fbfe400b600 000000000000d2b0
0x000070000d249050:   000000006953fb02 00007fbfe1400b90
0x000070000d249060:   000070000d2490c0 00000001099dc52d
0x000070000d249070:   00007fbfe2900486 00007fbfe2900485
0x000070000d249080:   0000002400000000 0000002500000000
0x000070000d249090:   00007fbfe2900460 000070000d249114
0x000070000d2490a0:   00007fbfe1615480 000000010b2bacb0
0x000070000d2490b0:   000070000d2491e4 00007fbfe2900460
0x000070000d2490c0:   000070000d2490f0 00000001099dc69b
0x000070000d2490d0:   000070000d2490f0 0000000000000000
0x000070000d2490e0:   000070000d2491e4 00007fbfe2900460
0x000070000d2490f0:   000070000d2491d0 000000010ab8bb3b
0x000070000d249100:   000070000d249120 0000003000000018
0x000070000d249110:   000070000d249130 00007fbfe4003000
0x000070000d249120:   000070000d249200 000000010ac411ca
0x000070000d249130:   3990d31a079d0023 00000000000007d0
0x000070000d249140:   00007fbfe2900320 000000000000001f
0x000070000d249150:   0000000000000079 00007fbfe1400da0
0x000070000d249160:   000007ce00000000 00000000ffff0208
0x000070000d249170:   000070000d249458 00000007000007cf
0x000070000d249180:   000000010b9a6960 000000011d76bd0d
0x000070000d249190:   000070000d2491d0 000000010ab8b41c
0x000070000d2491a0:   3990d31a079d0023 00007fbfe4003000
0x000070000d2491b0:   0000000000000007 000000010b2bacb0
0x000070000d2491c0:   00007fbfe1615480 00007fbfe2b04c40
0x000070000d2491d0:   000070000d249200 000000010ab8a834
0x000070000d2491e0:   000070000d249200 00007fbfe4003000
0x000070000d2491f0:   00007fbfe2900460 00007fbfe2b04c40 

Instructions: (pc=0x00000001099dbe92)
0x00000001099dbe72:   49 8b 7f 38 e8 5b 1b 00 00 4d 89 77 38 49 89 5f
0x00000001099dbe82:   40 4c 89 f0 48 85 c0 0f 84 11 05 00 00 48 89 c3
0x00000001099dbe92:   0f b6 43 0c 0f b6 4b 0d 48 c1 e1 08 48 01 c1 0f
0x00000001099dbea2:   b6 43 0e 0f b6 53 0f 48 c1 e2 08 48 01 c2 48 c1 

Register to memory mapping:

RAX=0x00007fbfe2901560 is an unknown value
RBX=0x000000011df8c4a2 is an unknown value
RCX=0x0000000000000001 is an unknown value
RDX=0x0000000000000000 is an unknown value
RSP=0x000070000d249000 is pointing into the stack for thread: 0x00007fbfe4003000
RBP=0x000070000d249060 is pointing into the stack for thread: 0x00007fbfe4003000
RSI=0x0000000000400000 is an unknown value
RDI=0x000000000000000b is an unknown value
R8 =0x0000000000000048 is an unknown value
R9 =0x00007fbfe1400b10 is an unknown value
R10=0x00000000ffc00000 is an unknown value
R11=0x0000000000000003 is an unknown value
R12=0x00007fbfe400b600 is an unknown value
R13=0x000000000000d2b0 is an unknown value
R14=0x000000006953fb02 is an unknown value
R15=0x00007fbfe1400b90 is an unknown value


Stack: [0x000070000d14b000,0x000070000d24b000],  sp=0x000070000d249000,  free space=1016k
Native frames: (J=compiled Java code, j=interpreted, Vv=VM code, C=native code)
C  [libzip.dylib+0x2e92]  newEntry+0x154
C  [libzip.dylib+0x352d]  ZIP_GetEntry2+0xd4
C  [libzip.dylib+0x369b]  ZIP_FindEntry+0x1a
V  [libjvm.dylib+0x18bb3b]  ClassPathZipEntry::open_entry(char const*, int*, bool, Thread*)+0x63
V  [libjvm.dylib+0x18a834]  ClassPathZipEntry::open_stream(char const*, Thread*)+0x24
V  [libjvm.dylib+0x18acd6]  ClassLoader::load_classfile(Symbol*, Thread*)+0x180
V  [libjvm.dylib+0x53bfd1]  SystemDictionary::load_instance_class(Symbol*, Handle, Thread*)+0xf3
V  [libjvm.dylib+0x53b97e]  SystemDictionary::resolve_instance_class_or_null(Symbol*, Handle, Handle, Thread*)+0x484
V  [libjvm.dylib+0x53c3d2]  SystemDictionary::resolve_or_null(Symbol*, Handle, Handle, Thread*)+0x106
V  [libjvm.dylib+0x53ca85]  SystemDictionary::resolve_or_fail(Symbol*, Handle, Handle, bool, Thread*)+0x31
V  [libjvm.dylib+0x1e2b7e]  ConstantPool::klass_at_impl(constantPoolHandle, int, Thread*)+0x2ee
V  [libjvm.dylib+0x1f2f8e]  ConstantPool::klass_at(int, Thread*)+0x92
V  [libjvm.dylib+0x3cb42a]  LinkResolver::resolve_pool(KlassHandle&, Symbol*&, Symbol*&, KlassHandle&, constantPoolHandle, int, Thread*)+0x72
V  [libjvm.dylib+0x3cea52]  LinkResolver::resolve_invokestatic(CallInfo&, constantPoolHandle, int, Thread*)+0x9e
V  [libjvm.dylib+0x3ceb77]  LinkResolver::resolve_invoke(CallInfo&, Handle, constantPoolHandle, int, Bytecodes::Code, Thread*)+0xb3
V  [libjvm.dylib+0x2e7ffd]  InterpreterRuntime::resolve_invoke(JavaThread*, Bytecodes::Code)+0x371
j  com.zeroturnaround.javarebel.ewi.a(Ljava/lang/String;Ljava/lang/instrument/Instrumentation;)V+10
j  com.zeroturnaround.reload.jvmti.MinimalInstrumentation.loadClassAndCallPremain(Ljava/lang/String;Ljava/lang/String;Ljava/lang/String;)V+9
v  ~StubRoutines::call_stub
V  [libjvm.dylib+0x2edbd2]  JavaCalls::call_helper(JavaValue*, methodHandle*, JavaCallArguments*, Thread*)+0x6ae
V  [libjvm.dylib+0x324d61]  jni_invoke_nonstatic(JNIEnv_*, JavaValue*, _jobject*, JNICallType, _jmethodID*, JNI_ArgumentPusher*, Thread*)+0x2ec
V  [libjvm.dylib+0x31752f]  jni_CallVoidMethod+0x16b
C  [libjrebel64.dylib+0x132c0]  callback_VMInit+0x340
V  [libjvm.dylib+0x3966bf]  JvmtiExport::post_vm_initialized()+0x171
V  [libjvm.dylib+0x56dd69]  Threads::create_vm(JavaVMInitArgs*, bool*)+0xd15
V  [libjvm.dylib+0x3240b3]  JNI_CreateJavaVM+0x76
C  [java+0x30a1]  JavaMain+0x134
C  [libsystem_pthread.dylib+0x39af]  _pthread_body+0xb4
C  [libsystem_pthread.dylib+0x38fb]  _pthread_body+0x0
C  [libsystem_pthread.dylib+0x3101]  thread_start+0xd
C  0x0000000000000000

Java frames: (J=compiled Java code, j=interpreted, Vv=VM code)
j  com.zeroturnaround.javarebel.ewi.a(Ljava/lang/String;Ljava/lang/instrument/Instrumentation;)V+10
j  com.zeroturnaround.reload.jvmti.MinimalInstrumentation.loadClassAndCallPremain(Ljava/lang/String;Ljava/lang/String;Ljava/lang/String;)V+9
v  ~StubRoutines::call_stub

---------------  P R O C E S S  ---------------

Java Threads: ( => current thread )
  0x00007fbfe204a000 JavaThread "JDWP Command Reader" daemon [_thread_in_native, id=20227, stack(0x000070000e0fb000,0x000070000e1fb000)]
  0x00007fbfe202f000 JavaThread "JDWP Event Helper Thread" daemon [_thread_blocked, id=19715, stack(0x000070000dff8000,0x000070000e0f8000)]
  0x00007fbfe202e000 JavaThread "JDWP Transport Listener: dt_socket" daemon [_thread_blocked, id=19203, stack(0x000070000def5000,0x000070000dff5000)]
  0x00007fbfe1828800 JavaThread "Signal Dispatcher" daemon [_thread_blocked, id=18691, stack(0x000070000ddf2000,0x000070000def2000)]
  0x00007fbfe183a800 JavaThread "Finalizer" daemon [_thread_blocked, id=14339, stack(0x000070000dc6c000,0x000070000dd6c000)]
  0x00007fbfe1803800 JavaThread "Reference Handler" daemon [_thread_blocked, id=13827, stack(0x000070000db69000,0x000070000dc69000)]
=>0x00007fbfe4003000 JavaThread "main" [_thread_in_native, id=6915, stack(0x000070000d14b000,0x000070000d24b000)]

Other Threads:
  0x00007fbfe1803000 VMThread [stack: 0x000070000da66000,0x000070000db66000] [id=13315]

VM state:not at safepoint (normal execution)

VM Mutex/Monitor currently owned by a thread: None

Heap:
 PSYoungGen      total 76288K, used 2621K [0x00000007b0000000, 0x00000007b5500000, 0x00000007c0000000)
  eden space 65536K, 4% used [0x00000007b0000000,0x00000007b028f5e8,0x00000007b4000000)
  from space 10752K, 0% used [0x00000007b4a80000,0x00000007b4a80000,0x00000007b5500000)
  to   space 10752K, 0% used [0x00000007b4000000,0x00000007b4000000,0x00000007b4a80000)
 ParOldGen       total 175104K, used 0K [0x0000000780000000, 0x000000078ab00000, 0x00000007b0000000)
  object space 175104K, 0% used [0x0000000780000000,0x0000000780000000,0x000000078ab00000)
 Metaspace       used 2747K, capacity 4480K, committed 4480K, reserved 1056768K
  class space    used 291K, capacity 384K, committed 384K, reserved 1048576K

Card table byte_map: [0x000000011af86000,0x000000011b187000] byte_map_base: 0x0000000117386000

Marking Bits: (ParMarkBitMap*) 0x000000010b2f0d30
 Begin Bits: [0x000000011b307000, 0x000000011c307000)
 End Bits:   [0x000000011c307000, 0x000000011d307000)

Polling page: 0x0000000109964000

CodeCache: size=245760Kb used=428Kb max_used=428Kb free=245331Kb
 bounds [0x000000010bbc6000, 0x000000010be36000, 0x000000011abc6000]
 total_blobs=152 nmethods=0 adapters=127
 compilation: enabled

Compilation events (0 events):
No events

GC Heap History (0 events):
No events

Deoptimization events (0 events):
No events

Internal exceptions (4 events):
Event: 0.044 Thread 0x00007fbfe4003000 Exception <a 'java/lang/NoSuchMethodError': Method sun.misc.Unsafe.defineClass(Ljava/lang/String;[BII)Ljava/lang/Class; name or signature does not match> (0x00000007b00081d8) thrown at [/Users/java_re/workspace/8-2-build-macosx-x86_64/jdk8u112/7935/hotspo
Event: 0.044 Thread 0x00007fbfe4003000 Exception <a 'java/lang/NoSuchMethodError': Method sun.misc.Unsafe.prefetchRead(Ljava/lang/Object;J)V name or signature does not match> (0x00000007b00084c0) thrown at [/Users/java_re/workspace/8-2-build-macosx-x86_64/jdk8u112/7935/hotspot/src/share/vm/pri
Event: 0.304 Thread 0x00007fbfe4003000 Exception <a 'java/lang/NoClassDefFoundError': com/zeroturnaround/jrebelbase/a> (0x00000007b007b730) thrown at [/Users/java_re/workspace/8-2-build-macosx-x86_64/jdk8u112/7935/hotspot/src/share/vm/classfile/systemDictionary.cpp, line 208]
Event: 0.304 Thread 0x00007fbfe4003000 Exception <a 'java/lang/NoClassDefFoundError'> (0x00000007b007b730) thrown at [/Users/java_re/workspace/8-2-build-macosx-x86_64/jdk8u112/7935/hotspot/src/share/vm/oops/instanceKlass.cpp, line 964]

Events (10 events):
Event: 0.283 loading class java/lang/Shutdown$Lock done
Event: 0.283 loading class java/util/IdentityHashMap
Event: 0.284 loading class java/util/IdentityHashMap done
Event: 0.284 loading class sun/misc/Launcher$BootClassPathHolder
Event: 0.284 loading class sun/misc/Launcher$BootClassPathHolder done
Event: 0.284 loading class sun/misc/Launcher$BootClassPathHolder$1
Event: 0.284 loading class sun/misc/Launcher$BootClassPathHolder$1 done
Event: 0.302 loading class com/zeroturnaround/jrebelbase/a
Event: 0.303 loading class com/zeroturnaround/jrebelbase/a done
Event: 0.304 loading class com/zeroturnaround/javarebel/ky


Dynamic libraries:
0x000000000ed49000 	/System/Library/Frameworks/Cocoa.framework/Versions/A/Cocoa
0x000000000ed49000 	/System/Library/Frameworks/Security.framework/Versions/A/Security
0x000000000ed49000 	/System/Library/Frameworks/ApplicationServices.framework/Versions/A/ApplicationServices
0x000000000ed49000 	/usr/lib/libz.1.dylib
0x000000000ed49000 	/usr/lib/libSystem.B.dylib
0x000000000ed49000 	/usr/lib/libobjc.A.dylib
0x000000000ed49000 	/System/Library/Frameworks/CoreFoundation.framework/Versions/A/CoreFoundation
0x000000000ed49000 	/System/Library/Frameworks/Foundation.framework/Versions/C/Foundation
0x000000000ed49000 	/System/Library/Frameworks/AppKit.framework/Versions/C/AppKit
0x000000000ed49000 	/System/Library/Frameworks/CoreData.framework/Versions/A/CoreData
0x000000000ed49000 	/System/Library/PrivateFrameworks/RemoteViewServices.framework/Versions/A/RemoteViewServices
0x000000000ed49000 	/System/Library/PrivateFrameworks/UIFoundation.framework/Versions/A/UIFoundation
0x000000000ed49000 	/System/Library/PrivateFrameworks/DFRFoundation.framework/Versions/A/DFRFoundation
0x000000000ed49000 	/usr/lib/libenergytrace.dylib
0x000000000ed49000 	/System/Library/PrivateFrameworks/SkyLight.framework/Versions/A/SkyLight
0x000000000ed49000 	/System/Library/Frameworks/CoreGraphics.framework/Versions/A/CoreGraphics
0x000000000ed49000 	/usr/lib/libScreenReader.dylib
0x000000000ed49000 	/System/Library/Frameworks/Accelerate.framework/Versions/A/Accelerate
0x000000000ed49000 	/System/Library/Frameworks/IOSurface.framework/Versions/A/IOSurface
0x000000000ed49000 	/System/Library/Frameworks/AudioToolbox.framework/Versions/A/AudioToolbox
0x000000000ed49000 	/System/Library/Frameworks/AudioUnit.framework/Versions/A/AudioUnit
0x000000000ed49000 	/System/Library/PrivateFrameworks/DataDetectorsCore.framework/Versions/A/DataDetectorsCore
0x000000000ed49000 	/System/Library/PrivateFrameworks/DesktopServicesPriv.framework/Versions/A/DesktopServicesPriv
0x000000000ed49000 	/System/Library/Frameworks/Carbon.framework/Versions/A/Frameworks/HIToolbox.framework/Versions/A/HIToolbox
0x000000000ed49000 	/usr/lib/libicucore.A.dylib
0x000000000ed49000 	/System/Library/Frameworks/QuartzCore.framework/Versions/A/QuartzCore
0x000000000ed49000 	/System/Library/Frameworks/Carbon.framework/Versions/A/Frameworks/SpeechRecognition.framework/Versions/A/SpeechRecognition
0x000000000ed49000 	/usr/lib/libauto.dylib
0x000000000ed49000 	/usr/lib/libxml2.2.dylib
0x000000000ed49000 	/System/Library/PrivateFrameworks/CoreUI.framework/Versions/A/CoreUI
0x000000000ed49000 	/System/Library/Frameworks/CoreAudio.framework/Versions/A/CoreAudio
0x000000000ed49000 	/System/Library/Frameworks/DiskArbitration.framework/Versions/A/DiskArbitration
0x000000000ed49000 	/usr/lib/liblangid.dylib
0x000000000ed49000 	/System/Library/PrivateFrameworks/MultitouchSupport.framework/Versions/A/MultitouchSupport
0x000000000ed49000 	/System/Library/Frameworks/IOKit.framework/Versions/A/IOKit
0x000000000ed49000 	/usr/lib/libDiagnosticMessagesClient.dylib
0x000000000ed49000 	/System/Library/Frameworks/CoreServices.framework/Versions/A/CoreServices
0x000000000ed49000 	/System/Library/PrivateFrameworks/PerformanceAnalysis.framework/Versions/A/PerformanceAnalysis
0x000000000ed49000 	/System/Library/PrivateFrameworks/GenerationalStorage.framework/Versions/A/GenerationalStorage
0x000000000ed49000 	/System/Library/Frameworks/OpenGL.framework/Versions/A/OpenGL
0x000000000ed49000 	/System/Library/Frameworks/CoreImage.framework/Versions/A/CoreImage
0x000000000ed49000 	/System/Library/Frameworks/CoreText.framework/Versions/A/CoreText
0x000000000ed49000 	/System/Library/Frameworks/ImageIO.framework/Versions/A/ImageIO
0x000000000ed49000 	/System/Library/PrivateFrameworks/Backup.framework/Versions/A/Backup
0x000000000ed49000 	/usr/lib/libarchive.2.dylib
0x000000000ed49000 	/System/Library/Frameworks/CFNetwork.framework/Versions/A/CFNetwork
0x000000000ed49000 	/System/Library/Frameworks/SystemConfiguration.framework/Versions/A/SystemConfiguration
0x000000000ed49000 	/usr/lib/libCRFSuite.dylib
0x000000000ed49000 	/usr/lib/libc++.1.dylib
0x000000000ed49000 	/usr/lib/libc++abi.dylib
0x000000000ed49000 	/usr/lib/system/libcache.dylib
0x000000000ed49000 	/usr/lib/system/libcommonCrypto.dylib
0x000000000ed49000 	/usr/lib/system/libcompiler_rt.dylib
0x000000000ed49000 	/usr/lib/system/libcopyfile.dylib
0x000000000ed49000 	/usr/lib/system/libcorecrypto.dylib
0x000000000ed49000 	/usr/lib/system/libdispatch.dylib
0x000000000ed49000 	/usr/lib/system/libdyld.dylib
0x000000000ed49000 	/usr/lib/system/libkeymgr.dylib
0x000000000ed49000 	/usr/lib/system/liblaunch.dylib
0x000000000ed49000 	/usr/lib/system/libmacho.dylib
0x000000000ed49000 	/usr/lib/system/libquarantine.dylib
0x000000000ed49000 	/usr/lib/system/libremovefile.dylib
0x000000000ed49000 	/usr/lib/system/libsystem_asl.dylib
0x000000000ed49000 	/usr/lib/system/libsystem_blocks.dylib
0x000000000ed49000 	/usr/lib/system/libsystem_c.dylib
0x000000000ed49000 	/usr/lib/system/libsystem_configuration.dylib
0x000000000ed49000 	/usr/lib/system/libsystem_coreservices.dylib
0x000000000ed49000 	/usr/lib/system/libsystem_coretls.dylib
0x000000000ed49000 	/usr/lib/system/libsystem_dnssd.dylib
0x000000000ed49000 	/usr/lib/system/libsystem_info.dylib
0x000000000ed49000 	/usr/lib/system/libsystem_kernel.dylib
0x000000000ed49000 	/usr/lib/system/libsystem_m.dylib
0x000000000ed49000 	/usr/lib/system/libsystem_malloc.dylib
0x000000000ed49000 	/usr/lib/system/libsystem_network.dylib
0x000000000ed49000 	/usr/lib/system/libsystem_networkextension.dylib
0x000000000ed49000 	/usr/lib/system/libsystem_notify.dylib
0x000000000ed49000 	/usr/lib/system/libsystem_platform.dylib
0x000000000ed49000 	/usr/lib/system/libsystem_pthread.dylib
0x000000000ed49000 	/usr/lib/system/libsystem_sandbox.dylib
0x000000000ed49000 	/usr/lib/system/libsystem_secinit.dylib
0x000000000ed49000 	/usr/lib/system/libsystem_symptoms.dylib
0x000000000ed49000 	/usr/lib/system/libsystem_trace.dylib
0x000000000ed49000 	/usr/lib/system/libunwind.dylib
0x000000000ed49000 	/usr/lib/system/libxpc.dylib
0x000000000ed49000 	/usr/lib/libbsm.0.dylib
0x000000000ed49000 	/usr/lib/system/libkxld.dylib
0x000000000ed49000 	/usr/lib/libcoretls.dylib
0x000000000ed49000 	/usr/lib/libcoretls_cfhelpers.dylib
0x000000000ed49000 	/usr/lib/libOpenScriptingUtil.dylib
0x000000000ed49000 	/usr/lib/libpam.2.dylib
0x000000000ed49000 	/usr/lib/libsqlite3.dylib
0x000000000ed49000 	/usr/lib/libxar.1.dylib
0x000000000ed49000 	/usr/lib/libbz2.1.0.dylib
0x000000000ed49000 	/usr/lib/liblzma.5.dylib
0x000000000ed49000 	/usr/lib/libnetwork.dylib
0x000000000ed49000 	/usr/lib/libpcap.A.dylib
0x000000000ed49000 	/System/Library/Frameworks/CoreServices.framework/Versions/A/Frameworks/FSEvents.framework/Versions/A/FSEvents
0x000000000ed49000 	/System/Library/Frameworks/CoreServices.framework/Versions/A/Frameworks/CarbonCore.framework/Versions/A/CarbonCore
0x000000000ed49000 	/System/Library/Frameworks/CoreServices.framework/Versions/A/Frameworks/Metadata.framework/Versions/A/Metadata
0x000000000ed49000 	/System/Library/Frameworks/CoreServices.framework/Versions/A/Frameworks/OSServices.framework/Versions/A/OSServices
0x000000000ed49000 	/System/Library/Frameworks/CoreServices.framework/Versions/A/Frameworks/SearchKit.framework/Versions/A/SearchKit
0x000000000ed49000 	/System/Library/Frameworks/CoreServices.framework/Versions/A/Frameworks/AE.framework/Versions/A/AE
0x000000000ed49000 	/System/Library/Frameworks/CoreServices.framework/Versions/A/Frameworks/LaunchServices.framework/Versions/A/LaunchServices
0x000000000ed49000 	/System/Library/Frameworks/CoreServices.framework/Versions/A/Frameworks/DictionaryServices.framework/Versions/A/DictionaryServices
0x000000000ed49000 	/System/Library/Frameworks/CoreServices.framework/Versions/A/Frameworks/SharedFileList.framework/Versions/A/SharedFileList
0x000000000ed49000 	/System/Library/Frameworks/NetFS.framework/Versions/A/NetFS
0x000000000ed49000 	/System/Library/PrivateFrameworks/NetAuth.framework/Versions/A/NetAuth
0x000000000ed49000 	/System/Library/PrivateFrameworks/login.framework/Versions/A/Frameworks/loginsupport.framework/Versions/A/loginsupport
0x000000000ed49000 	/System/Library/PrivateFrameworks/TCC.framework/Versions/A/TCC
0x000000000ed49000 	/usr/lib/libmecabra.dylib
0x000000000ed49000 	/System/Library/Frameworks/ApplicationServices.framework/Versions/A/Frameworks/ATS.framework/Versions/A/ATS
0x000000000ed49000 	/System/Library/Frameworks/ApplicationServices.framework/Versions/A/Frameworks/ColorSync.framework/Versions/A/ColorSync
0x000000000ed49000 	/System/Library/Frameworks/ApplicationServices.framework/Versions/A/Frameworks/HIServices.framework/Versions/A/HIServices
0x000000000ed49000 	/System/Library/Frameworks/ApplicationServices.framework/Versions/A/Frameworks/LangAnalysis.framework/Versions/A/LangAnalysis
0x000000000ed49000 	/System/Library/Frameworks/ApplicationServices.framework/Versions/A/Frameworks/PrintCore.framework/Versions/A/PrintCore
0x000000000ed49000 	/System/Library/Frameworks/ApplicationServices.framework/Versions/A/Frameworks/QD.framework/Versions/A/QD
0x000000000ed49000 	/System/Library/Frameworks/ApplicationServices.framework/Versions/A/Frameworks/SpeechSynthesis.framework/Versions/A/SpeechSynthesis
0x000000000ed49000 	/System/Library/Frameworks/Accelerate.framework/Versions/A/Frameworks/vImage.framework/Versions/A/vImage
0x000000000ed49000 	/System/Library/Frameworks/Accelerate.framework/Versions/A/Frameworks/vecLib.framework/Versions/A/vecLib
0x000000000ed49000 	/System/Library/Frameworks/Accelerate.framework/Versions/A/Frameworks/vecLib.framework/Versions/A/libvDSP.dylib
0x000000000ed49000 	/System/Library/Frameworks/Accelerate.framework/Versions/A/Frameworks/vecLib.framework/Versions/A/libBNNS.dylib
0x000000000ed49000 	/System/Library/Frameworks/Accelerate.framework/Versions/A/Frameworks/vecLib.framework/Versions/A/libQuadrature.dylib
0x000000000ed49000 	/System/Library/Frameworks/Accelerate.framework/Versions/A/Frameworks/vecLib.framework/Versions/A/libvMisc.dylib
0x000000000ed49000 	/System/Library/Frameworks/Accelerate.framework/Versions/A/Frameworks/vecLib.framework/Versions/A/libLAPACK.dylib
0x000000000ed49000 	/System/Library/Frameworks/Accelerate.framework/Versions/A/Frameworks/vecLib.framework/Versions/A/libBLAS.dylib
0x000000000ed49000 	/System/Library/Frameworks/Accelerate.framework/Versions/A/Frameworks/vecLib.framework/Versions/A/libLinearAlgebra.dylib
0x000000000ed49000 	/System/Library/Frameworks/Accelerate.framework/Versions/A/Frameworks/vecLib.framework/Versions/A/libSparseBLAS.dylib
0x000000000ed49000 	/System/Library/Frameworks/ApplicationServices.framework/Versions/A/Frameworks/ATS.framework/Versions/A/Resources/libFontParser.dylib
0x000000000ed49000 	/System/Library/Frameworks/ApplicationServices.framework/Versions/A/Frameworks/ATS.framework/Versions/A/Resources/libFontRegistry.dylib
0x000000000ed49000 	/System/Library/Frameworks/ImageIO.framework/Versions/A/Resources/libJPEG.dylib
0x000000000ed49000 	/System/Library/Frameworks/ImageIO.framework/Versions/A/Resources/libTIFF.dylib
0x000000000ed49000 	/System/Library/Frameworks/ImageIO.framework/Versions/A/Resources/libPng.dylib
0x000000000ed49000 	/System/Library/Frameworks/ImageIO.framework/Versions/A/Resources/libGIF.dylib
0x000000000ed49000 	/System/Library/Frameworks/ImageIO.framework/Versions/A/Resources/libJP2.dylib
0x000000000ed49000 	/System/Library/Frameworks/ImageIO.framework/Versions/A/Resources/libRadiance.dylib
0x000000000ed49000 	/usr/lib/libcompression.dylib
0x000000000ed49000 	/System/Library/PrivateFrameworks/AppleJPEG.framework/Versions/A/AppleJPEG
0x000000000ed49000 	/usr/lib/libcups.2.dylib
0x000000000ed49000 	/System/Library/Frameworks/Kerberos.framework/Versions/A/Kerberos
0x000000000ed49000 	/System/Library/Frameworks/GSS.framework/Versions/A/GSS
0x000000000ed49000 	/usr/lib/libresolv.9.dylib
0x000000000ed49000 	/usr/lib/libiconv.2.dylib
0x000000000ed49000 	/System/Library/PrivateFrameworks/Heimdal.framework/Versions/A/Heimdal
0x000000000ed49000 	/usr/lib/libheimdal-asn1.dylib
0x000000000ed49000 	/System/Library/Frameworks/OpenDirectory.framework/Versions/A/OpenDirectory
0x000000000ed49000 	/System/Library/PrivateFrameworks/CommonAuth.framework/Versions/A/CommonAuth
0x000000000ed49000 	/System/Library/Frameworks/OpenDirectory.framework/Versions/A/Frameworks/CFOpenDirectory.framework/Versions/A/CFOpenDirectory
0x000000000ed49000 	/System/Library/Frameworks/SecurityFoundation.framework/Versions/A/SecurityFoundation
0x000000000ed49000 	/System/Library/PrivateFrameworks/LanguageModeling.framework/Versions/A/LanguageModeling
0x000000000ed49000 	/usr/lib/libmarisa.dylib
0x000000000ed49000 	/usr/lib/libChineseTokenizer.dylib
0x000000000ed49000 	/usr/lib/libcmph.dylib
0x000000000ed49000 	/System/Library/PrivateFrameworks/CoreEmoji.framework/Versions/A/CoreEmoji
0x000000000ed49000 	/System/Library/Frameworks/ServiceManagement.framework/Versions/A/ServiceManagement
0x000000000ed49000 	/usr/lib/libxslt.1.dylib
0x000000000ed49000 	/System/Library/Frameworks/Carbon.framework/Versions/A/Frameworks/Ink.framework/Versions/A/Ink
0x000000000ed49000 	/System/Library/PrivateFrameworks/TextureIO.framework/Versions/A/TextureIO
0x000000000ed49000 	/System/Library/Frameworks/Metal.framework/Versions/A/Metal
0x000000000ed49000 	/usr/lib/libate.dylib
0x000000000ed49000 	/System/Library/PrivateFrameworks/GPUCompiler.framework/libmetal_timestamp.dylib
0x000000000ed49000 	/System/Library/Frameworks/OpenGL.framework/Versions/A/Libraries/libCoreFSCache.dylib
0x000000000ed49000 	/System/Library/PrivateFrameworks/IOAccelerator.framework/Versions/A/IOAccelerator
0x000000000ed49000 	/System/Library/Frameworks/CoreVideo.framework/Versions/A/CoreVideo
0x000000000ed49000 	/usr/lib/libFosl_dynamic.dylib
0x000000000ed49000 	/System/Library/PrivateFrameworks/MetalPerformanceShaders.framework/Versions/A/MetalPerformanceShaders
0x000000000ed49000 	/System/Library/PrivateFrameworks/FaceCore.framework/Versions/A/FaceCore
0x000000000ed49000 	/System/Library/Frameworks/OpenCL.framework/Versions/A/OpenCL
0x000000000ed49000 	/System/Library/Frameworks/OpenGL.framework/Versions/A/Libraries/libGLU.dylib
0x000000000ed49000 	/System/Library/Frameworks/OpenGL.framework/Versions/A/Libraries/libGFXShared.dylib
0x000000000ed49000 	/System/Library/Frameworks/OpenGL.framework/Versions/A/Libraries/libGL.dylib
0x000000000ed49000 	/System/Library/Frameworks/OpenGL.framework/Versions/A/Libraries/libGLImage.dylib
0x000000000ed49000 	/System/Library/Frameworks/OpenGL.framework/Versions/A/Libraries/libCVMSPluginSupport.dylib
0x000000000ed49000 	/System/Library/Frameworks/OpenGL.framework/Versions/A/Libraries/libCoreVMClient.dylib
0x000000000ed49000 	/System/Library/PrivateFrameworks/CrashReporterSupport.framework/Versions/A/CrashReporterSupport
0x000000000ed49000 	/System/Library/PrivateFrameworks/Sharing.framework/Versions/A/Sharing
0x000000000ed49000 	/System/Library/PrivateFrameworks/IconServices.framework/Versions/A/IconServices
0x000000000ed49000 	/System/Library/PrivateFrameworks/ProtocolBuffer.framework/Versions/A/ProtocolBuffer
0x000000000ed49000 	/System/Library/PrivateFrameworks/Apple80211.framework/Versions/A/Apple80211
0x000000000ed49000 	/System/Library/Frameworks/CoreWLAN.framework/Versions/A/CoreWLAN
0x000000000ed49000 	/System/Library/PrivateFrameworks/CoreUtils.framework/Versions/A/CoreUtils
0x000000000ed49000 	/System/Library/Frameworks/IOBluetooth.framework/Versions/A/IOBluetooth
0x000000000ed49000 	/System/Library/PrivateFrameworks/CoreWiFi.framework/Versions/A/CoreWiFi
0x000000000ed49000 	/System/Library/Frameworks/CoreBluetooth.framework/Versions/A/CoreBluetooth
0x000000000ed49000 	/System/Library/Frameworks/CoreDisplay.framework/Versions/A/CoreDisplay
0x000000000ed49000 	/System/Library/PrivateFrameworks/IOPresentment.framework/Versions/A/IOPresentment
0x000000000ed49000 	/System/Library/PrivateFrameworks/DSExternalDisplay.framework/Versions/A/DSExternalDisplay
0x000000000ed49000 	/System/Library/PrivateFrameworks/DebugSymbols.framework/Versions/A/DebugSymbols
0x000000000ed49000 	/System/Library/PrivateFrameworks/CoreSymbolication.framework/Versions/A/CoreSymbolication
0x000000000ed49000 	/System/Library/PrivateFrameworks/Symbolication.framework/Versions/A/Symbolication
0x000000000ed49000 	/System/Library/PrivateFrameworks/AppleFSCompression.framework/Versions/A/AppleFSCompression
0x000000000ed49000 	/System/Library/PrivateFrameworks/SpeechRecognitionCore.framework/Versions/A/SpeechRecognitionCore
0x000000000ed49000 	/System/Library/PrivateFrameworks/ChunkingLibrary.framework/Versions/A/ChunkingLibrary
0x00000001098dd000 	/System/Library/CoreServices/Encodings/libSimplifiedChineseConverter.dylib
0x000000010aa00000 	/Library/Java/JavaVirtualMachines/jdk1.8.0_112.jdk/Contents/Home/jre/lib/server/libjvm.dylib
0x000000000ed49000 	/usr/lib/libstdc++.6.dylib
0x0000000109921000 	/Library/Java/JavaVirtualMachines/jdk1.8.0_112.jdk/Contents/Home/jre/lib/libverify.dylib
0x000000010992f000 	/Library/Java/JavaVirtualMachines/jdk1.8.0_112.jdk/Contents/Home/jre/lib/libjava.dylib
0x0000000109965000 	/Library/Java/JavaVirtualMachines/jdk1.8.0_112.jdk/Contents/Home/jre/lib/libjdwp.dylib
0x00000001099b0000 	/Library/Java/JavaVirtualMachines/jdk1.8.0_112.jdk/Contents/Home/jre/lib/libnpt.dylib
0x00000001099b4000 	/var/folders/rl/6by5yf8n4xg7_dbzp9186sq00000gn/T/jrebel6-temp/lib/libjrebel64.dylib
0x00000001099d9000 	/Library/Java/JavaVirtualMachines/jdk1.8.0_112.jdk/Contents/Home/jre/lib/libzip.dylib
0x000000010bb1f000 	/System/Library/Frameworks/JavaVM.framework/Frameworks/JavaRuntimeSupport.framework/JavaRuntimeSupport
0x000000011fc00000 	/System/Library/Frameworks/JavaVM.framework/Versions/A/Frameworks/JavaNativeFoundation.framework/Versions/A/JavaNativeFoundation
0x000000011fc15000 	/System/Library/Frameworks/JavaVM.framework/Versions/A/JavaVM
0x000000000ed49000 	/System/Library/Frameworks/Carbon.framework/Versions/A/Carbon
0x000000011fc22000 	/System/Library/PrivateFrameworks/JavaLaunching.framework/Versions/A/JavaLaunching
0x000000000ed49000 	/System/Library/Frameworks/Carbon.framework/Versions/A/Frameworks/CommonPanels.framework/Versions/A/CommonPanels
0x000000000ed49000 	/System/Library/Frameworks/Carbon.framework/Versions/A/Frameworks/Help.framework/Versions/A/Help
0x000000000ed49000 	/System/Library/Frameworks/Carbon.framework/Versions/A/Frameworks/ImageCapture.framework/Versions/A/ImageCapture
0x000000000ed49000 	/System/Library/Frameworks/Carbon.framework/Versions/A/Frameworks/OpenScripting.framework/Versions/A/OpenScripting
0x000000000ed49000 	/System/Library/Frameworks/Carbon.framework/Versions/A/Frameworks/Print.framework/Versions/A/Print
0x000000000ed49000 	/System/Library/Frameworks/Carbon.framework/Versions/A/Frameworks/SecurityHI.framework/Versions/A/SecurityHI
0x0000000121527000 	/Library/Java/JavaVirtualMachines/jdk1.8.0_112.jdk/Contents/Home/jre/lib/libdt_socket.dylib

VM Arguments:
jvm_args: -agentlib:jdwp=transport=dt_socket,address=127.0.0.1:51291,suspend=y,server=n -Drebel.base=/Users/xingwu/.jrebel -Drebel.env.ide.plugin.version=7.0.7 -Drebel.env.ide.version=2017.1.1 -Drebel.env.ide.product=IU -Drebel.env.ide=intellij -Drebel.notification.url=http://localhost:61022 -agentpath:/var/folders/rl/6by5yf8n4xg7_dbzp9186sq00000gn/T/jrebel6-temp/lib/libjrebel64.dylib -Dmaven.multiModuleProjectDirectory=/Users/xingwu/workspace/admin-readwei -Xms256m -Xmx1024m -XX:MaxNewSize=256m -XX:PermSize=64M -XX:MaxPermSize=128M -Dmaven.home=/Applications/IntelliJ IDEA.app/Contents/plugins/maven/lib/maven3 -Dclassworlds.conf=/Applications/IntelliJ IDEA.app/Contents/plugins/maven/lib/maven3/bin/m2.conf -Dfile.encoding=UTF-8 
java_command: org.codehaus.classworlds.Launcher -Didea.version=2017.1.1 jetty:run -Djetty.port=8080
java_class_path (initial): /Applications/IntelliJ IDEA.app/Contents/plugins/maven/lib/maven3/boot/plexus-classworlds-2.5.2.jar:/Applications/IntelliJ IDEA.app/Contents/lib/idea_rt.jar
Launcher Type: SUN_STANDARD

Environment Variables:
PATH=/Users/xingwu/.jenv/shims:/Users/xingwu/.jenv/bin:/Users/xingwu/apache-maven-3.3.9/bin:/usr/local/bin:/usr/bin:/bin:/usr/sbin:/sbin
SHELL=/bin/zsh

Signal Handlers:
SIGSEGV: [libjvm.dylib+0x5b11a5], sa_mask[0]=11111111011111110111111111111111, sa_flags=SA_ONSTACK|SA_RESTART|SA_SIGINFO
SIGBUS: [libjvm.dylib+0x5b11a5], sa_mask[0]=11111111011111110111111111111111, sa_flags=SA_RESTART|SA_SIGINFO
SIGFPE: [libjvm.dylib+0x487dc0], sa_mask[0]=11111111011111110111111111111111, sa_flags=SA_RESTART|SA_SIGINFO
SIGPIPE: [libjvm.dylib+0x487dc0], sa_mask[0]=11111111011111110111111111111111, sa_flags=SA_RESTART|SA_SIGINFO
SIGXFSZ: [libjvm.dylib+0x487dc0], sa_mask[0]=11111111011111110111111111111111, sa_flags=SA_RESTART|SA_SIGINFO
SIGILL: [libjvm.dylib+0x487dc0], sa_mask[0]=11111111011111110111111111111111, sa_flags=SA_RESTART|SA_SIGINFO
SIGUSR1: SIG_DFL, sa_mask[0]=00000000000000000000000000000000, sa_flags=none
SIGUSR2: [libjvm.dylib+0x4878de], sa_mask[0]=00100000000000000000000000000000, sa_flags=SA_RESTART|SA_SIGINFO
SIGHUP: [libjvm.dylib+0x485eb5], sa_mask[0]=11111111011111110111111111111111, sa_flags=SA_RESTART|SA_SIGINFO
SIGINT: [libjvm.dylib+0x485eb5], sa_mask[0]=11111111011111110111111111111111, sa_flags=SA_RESTART|SA_SIGINFO
SIGTERM: [libjvm.dylib+0x485eb5], sa_mask[0]=11111111011111110111111111111111, sa_flags=SA_RESTART|SA_SIGINFO
SIGQUIT: [libjvm.dylib+0x485eb5], sa_mask[0]=11111111011111110111111111111111, sa_flags=SA_RESTART|SA_SIGINFO


---------------  S Y S T E M  ---------------

OS:Bsduname:Darwin 16.5.0 Darwin Kernel Version 16.5.0: Fri Mar  3 16:52:33 PST 2017; root:xnu-3789.51.2~3/RELEASE_X86_64 x86_64
rlimit: STACK 8192k, CORE 0k, NPROC 709, NOFILE 10240, AS infinity
load average:3.00 2.32 2.37

CPU:total 8 (4 cores per cpu, 2 threads per core) family 6 model 94 stepping 3, cmov, cx8, fxsr, mmx, sse, sse2, sse3, ssse3, sse4.1, sse4.2, popcnt, avx, avx2, aes, clmul, erms, rtm, 3dnowpref, lzcnt, ht, tsc, tscinvbit, bmi1, bmi2, adx

Memory: 4k page, physical 16777216k(817556k free)

/proc/meminfo:


vm_info: Java HotSpot(TM) 64-Bit Server VM (25.112-b16) for bsd-amd64 JRE (1.8.0_112-b16), built on Sep 30 2016 22:41:41 by "java_re" with gcc 4.2.1 (Based on Apple Inc. build 5658) (LLVM build 2336.11.00)

time: Fri Apr 28 17:58:37 2017
elapsed time: 0 seconds (0d 0h 0m 0s)

