2017-04-27 21:55:11,466 - Log4JLogChute initialized using file 'velocity.log'
2017-04-27 21:55:11,467 - Initializing Velocity, Calling init()...
2017-04-27 21:55:11,467 - Starting Apache Velocity v1.7 (compiled: 2010-11-19 12:14:37)
2017-04-27 21:55:11,467 - Default Properties File: org/apache/velocity/runtime/defaults/velocity.properties
2017-04-27 21:55:11,467 - Trying to use logger class org.apache.velocity.runtime.log.AvalonLogChute
2017-04-27 21:55:11,467 - Target log system for org.apache.velocity.runtime.log.AvalonLogChute is not available (java.lang.NoClassDefFoundError: org/apache/log/format/Formatter).  Falling back to next log system...
2017-04-27 21:55:11,467 - Trying to use logger class org.apache.velocity.runtime.log.Log4JLogChute
2017-04-27 21:55:11,467 - Using logger class org.apache.velocity.runtime.log.Log4JLogChute
2017-04-27 21:55:11,476 - ResourceLoader instantiated: org.apache.velocity.runtime.resource.loader.FileResourceLoader
2017-04-27 21:55:11,478 - Do unicode file recognition:  false
2017-04-27 21:55:11,478 - FileResourceLoader : adding path '.'
2017-04-27 21:55:11,504 - ResourceCache: initialized (class org.apache.velocity.runtime.resource.ResourceCacheImpl) with class java.util.Collections$SynchronizedMap cache map.
2017-04-27 21:55:11,506 - Loaded System Directive: org.apache.velocity.runtime.directive.Stop
2017-04-27 21:55:11,507 - Loaded System Directive: org.apache.velocity.runtime.directive.Define
2017-04-27 21:55:11,508 - Loaded System Directive: org.apache.velocity.runtime.directive.Break
2017-04-27 21:55:11,509 - Loaded System Directive: org.apache.velocity.runtime.directive.Evaluate
2017-04-27 21:55:11,510 - Loaded System Directive: org.apache.velocity.runtime.directive.Literal
2017-04-27 21:55:11,511 - Loaded System Directive: org.apache.velocity.runtime.directive.Macro
2017-04-27 21:55:11,513 - Loaded System Directive: org.apache.velocity.runtime.directive.Parse
2017-04-27 21:55:11,514 - Loaded System Directive: org.apache.velocity.runtime.directive.Include
2017-04-27 21:55:11,516 - Loaded System Directive: org.apache.velocity.runtime.directive.Foreach
2017-04-27 21:55:11,552 - Created '20' parsers.
2017-04-27 21:55:11,557 - Velocimacro : "velocimacro.library" is not set.  Trying default library: VM_global_library.vm
2017-04-27 21:55:11,558 - Velocimacro : Default library not found.
2017-04-27 21:55:11,558 - Velocimacro : allowInline = true : VMs can be defined inline in templates
2017-04-27 21:55:11,558 - Velocimacro : allowInlineToOverride = false : VMs defined inline may NOT replace previous VM definitions
2017-04-27 21:55:11,558 - Velocimacro : allowInlineLocal = false : VMs defined inline will be global in scope if allowed.
2017-04-27 21:55:11,558 - Velocimacro : autoload off : VM system will not automatically reload global library macros
2017-04-27 21:58:17,318 - Log4JLogChute initialized using file 'velocity.log'
2017-04-27 21:58:17,320 - Initializing Velocity, Calling init()...
2017-04-27 21:58:17,321 - Starting Apache Velocity v1.7 (compiled: 2010-11-19 12:14:37)
2017-04-27 21:58:17,321 - Default Properties File: org/apache/velocity/runtime/defaults/velocity.properties
2017-04-27 21:58:17,321 - Trying to use logger class org.apache.velocity.runtime.log.AvalonLogChute
2017-04-27 21:58:17,321 - Target log system for org.apache.velocity.runtime.log.AvalonLogChute is not available (java.lang.NoClassDefFoundError: org/apache/log/format/Formatter).  Falling back to next log system...
2017-04-27 21:58:17,322 - Trying to use logger class org.apache.velocity.runtime.log.Log4JLogChute
2017-04-27 21:58:17,322 - Using logger class org.apache.velocity.runtime.log.Log4JLogChute
2017-04-27 21:58:17,337 - ResourceLoader instantiated: org.apache.velocity.runtime.resource.loader.FileResourceLoader
2017-04-27 21:58:17,344 - Do unicode file recognition:  false
2017-04-27 21:58:17,344 - FileResourceLoader : adding path '.'
2017-04-27 21:58:17,375 - ResourceCache: initialized (class org.apache.velocity.runtime.resource.ResourceCacheImpl) with class java.util.Collections$SynchronizedMap cache map.
2017-04-27 21:58:17,379 - Loaded System Directive: org.apache.velocity.runtime.directive.Stop
2017-04-27 21:58:17,384 - Loaded System Directive: org.apache.velocity.runtime.directive.Define
2017-04-27 21:58:17,387 - Loaded System Directive: org.apache.velocity.runtime.directive.Break
2017-04-27 21:58:17,392 - Loaded System Directive: org.apache.velocity.runtime.directive.Evaluate
2017-04-27 21:58:17,393 - Loaded System Directive: org.apache.velocity.runtime.directive.Literal
2017-04-27 21:58:17,396 - Loaded System Directive: org.apache.velocity.runtime.directive.Macro
2017-04-27 21:58:17,399 - Loaded System Directive: org.apache.velocity.runtime.directive.Parse
2017-04-27 21:58:17,402 - Loaded System Directive: org.apache.velocity.runtime.directive.Include
2017-04-27 21:58:17,405 - Loaded System Directive: org.apache.velocity.runtime.directive.Foreach
2017-04-27 21:58:17,463 - Created '20' parsers.
2017-04-27 21:58:17,471 - Velocimacro : "velocimacro.library" is not set.  Trying default library: VM_global_library.vm
2017-04-27 21:58:17,472 - Velocimacro : Default library not found.
2017-04-27 21:58:17,472 - Velocimacro : allowInline = true : VMs can be defined inline in templates
2017-04-27 21:58:17,472 - Velocimacro : allowInlineToOverride = false : VMs defined inline may NOT replace previous VM definitions
2017-04-27 21:58:17,472 - Velocimacro : allowInlineLocal = false : VMs defined inline will be global in scope if allowed.
2017-04-27 21:58:17,472 - Velocimacro : autoload off : VM system will not automatically reload global library macros
2017-04-27 21:59:03,093 - Log4JLogChute initialized using file 'velocity.log'
2017-04-27 21:59:03,093 - Initializing Velocity, Calling init()...
2017-04-27 21:59:03,094 - Starting Apache Velocity v1.7 (compiled: 2010-11-19 12:14:37)
2017-04-27 21:59:03,094 - Default Properties File: org/apache/velocity/runtime/defaults/velocity.properties
2017-04-27 21:59:03,094 - Trying to use logger class org.apache.velocity.runtime.log.AvalonLogChute
2017-04-27 21:59:03,094 - Target log system for org.apache.velocity.runtime.log.AvalonLogChute is not available (java.lang.NoClassDefFoundError: org/apache/log/format/Formatter).  Falling back to next log system...
2017-04-27 21:59:03,094 - Trying to use logger class org.apache.velocity.runtime.log.Log4JLogChute
2017-04-27 21:59:03,094 - Using logger class org.apache.velocity.runtime.log.Log4JLogChute
2017-04-27 21:59:03,100 - ResourceLoader instantiated: org.apache.velocity.runtime.resource.loader.FileResourceLoader
2017-04-27 21:59:03,102 - Do unicode file recognition:  false
2017-04-27 21:59:03,102 - FileResourceLoader : adding path '.'
2017-04-27 21:59:03,115 - ResourceCache: initialized (class org.apache.velocity.runtime.resource.ResourceCacheImpl) with class java.util.Collections$SynchronizedMap cache map.
2017-04-27 21:59:03,116 - Loaded System Directive: org.apache.velocity.runtime.directive.Stop
2017-04-27 21:59:03,118 - Loaded System Directive: org.apache.velocity.runtime.directive.Define
2017-04-27 21:59:03,119 - Loaded System Directive: org.apache.velocity.runtime.directive.Break
2017-04-27 21:59:03,120 - Loaded System Directive: org.apache.velocity.runtime.directive.Evaluate
2017-04-27 21:59:03,121 - Loaded System Directive: org.apache.velocity.runtime.directive.Literal
2017-04-27 21:59:03,122 - Loaded System Directive: org.apache.velocity.runtime.directive.Macro
2017-04-27 21:59:03,124 - Loaded System Directive: org.apache.velocity.runtime.directive.Parse
2017-04-27 21:59:03,125 - Loaded System Directive: org.apache.velocity.runtime.directive.Include
2017-04-27 21:59:03,127 - Loaded System Directive: org.apache.velocity.runtime.directive.Foreach
2017-04-27 21:59:03,161 - Created '20' parsers.
2017-04-27 21:59:03,166 - Velocimacro : "velocimacro.library" is not set.  Trying default library: VM_global_library.vm
2017-04-27 21:59:03,167 - Velocimacro : Default library not found.
2017-04-27 21:59:03,167 - Velocimacro : allowInline = true : VMs can be defined inline in templates
2017-04-27 21:59:03,167 - Velocimacro : allowInlineToOverride = false : VMs defined inline may NOT replace previous VM definitions
2017-04-27 21:59:03,167 - Velocimacro : allowInlineLocal = false : VMs defined inline will be global in scope if allowed.
2017-04-27 21:59:03,167 - Velocimacro : autoload off : VM system will not automatically reload global library macros
2017-04-28 15:17:41,792 - Log4JLogChute initialized using file 'velocity.log'
2017-04-28 15:17:41,797 - Initializing Velocity, Calling init()...
2017-04-28 15:17:41,798 - Starting Apache Velocity v1.7 (compiled: 2010-11-19 12:14:37)
2017-04-28 15:17:41,798 - Default Properties File: org/apache/velocity/runtime/defaults/velocity.properties
2017-04-28 15:17:41,798 - Trying to use logger class org.apache.velocity.runtime.log.AvalonLogChute
2017-04-28 15:17:41,798 - Target log system for org.apache.velocity.runtime.log.AvalonLogChute is not available (java.lang.NoClassDefFoundError: org/apache/log/format/Formatter).  Falling back to next log system...
2017-04-28 15:17:41,798 - Trying to use logger class org.apache.velocity.runtime.log.Log4JLogChute
2017-04-28 15:17:41,798 - Using logger class org.apache.velocity.runtime.log.Log4JLogChute
2017-04-28 15:17:41,804 - ResourceLoader instantiated: org.apache.velocity.runtime.resource.loader.FileResourceLoader
2017-04-28 15:17:41,805 - Do unicode file recognition:  false
2017-04-28 15:17:41,805 - FileResourceLoader : adding path '.'
2017-04-28 15:17:41,817 - ResourceCache: initialized (class org.apache.velocity.runtime.resource.ResourceCacheImpl) with class java.util.Collections$SynchronizedMap cache map.
2017-04-28 15:17:41,818 - Loaded System Directive: org.apache.velocity.runtime.directive.Stop
2017-04-28 15:17:41,820 - Loaded System Directive: org.apache.velocity.runtime.directive.Define
2017-04-28 15:17:41,820 - Loaded System Directive: org.apache.velocity.runtime.directive.Break
2017-04-28 15:17:41,821 - Loaded System Directive: org.apache.velocity.runtime.directive.Evaluate
2017-04-28 15:17:41,822 - Loaded System Directive: org.apache.velocity.runtime.directive.Literal
2017-04-28 15:17:41,823 - Loaded System Directive: org.apache.velocity.runtime.directive.Macro
2017-04-28 15:17:41,824 - Loaded System Directive: org.apache.velocity.runtime.directive.Parse
2017-04-28 15:17:41,826 - Loaded System Directive: org.apache.velocity.runtime.directive.Include
2017-04-28 15:17:41,828 - Loaded System Directive: org.apache.velocity.runtime.directive.Foreach
2017-04-28 15:17:41,883 - Created '20' parsers.
2017-04-28 15:17:41,889 - Velocimacro : "velocimacro.library" is not set.  Trying default library: VM_global_library.vm
2017-04-28 15:17:41,889 - Velocimacro : Default library not found.
2017-04-28 15:17:41,889 - Velocimacro : allowInline = true : VMs can be defined inline in templates
2017-04-28 15:17:41,889 - Velocimacro : allowInlineToOverride = false : VMs defined inline may NOT replace previous VM definitions
2017-04-28 15:17:41,889 - Velocimacro : allowInlineLocal = false : VMs defined inline will be global in scope if allowed.
2017-04-28 15:17:41,889 - Velocimacro : autoload off : VM system will not automatically reload global library macros
2017-04-28 15:21:22,295 - Log4JLogChute initialized using file 'velocity.log'
2017-04-28 15:21:22,295 - Initializing Velocity, Calling init()...
2017-04-28 15:21:22,295 - Starting Apache Velocity v1.7 (compiled: 2010-11-19 12:14:37)
2017-04-28 15:21:22,295 - Default Properties File: org/apache/velocity/runtime/defaults/velocity.properties
2017-04-28 15:21:22,295 - Trying to use logger class org.apache.velocity.runtime.log.AvalonLogChute
2017-04-28 15:21:22,296 - Target log system for org.apache.velocity.runtime.log.AvalonLogChute is not available (java.lang.NoClassDefFoundError: org/apache/log/format/Formatter).  Falling back to next log system...
2017-04-28 15:21:22,296 - Trying to use logger class org.apache.velocity.runtime.log.Log4JLogChute
2017-04-28 15:21:22,296 - Using logger class org.apache.velocity.runtime.log.Log4JLogChute
2017-04-28 15:21:22,302 - ResourceLoader instantiated: org.apache.velocity.runtime.resource.loader.FileResourceLoader
2017-04-28 15:21:22,303 - Do unicode file recognition:  false
2017-04-28 15:21:22,303 - FileResourceLoader : adding path '.'
2017-04-28 15:21:22,315 - ResourceCache: initialized (class org.apache.velocity.runtime.resource.ResourceCacheImpl) with class java.util.Collections$SynchronizedMap cache map.
2017-04-28 15:21:22,316 - Loaded System Directive: org.apache.velocity.runtime.directive.Stop
2017-04-28 15:21:22,317 - Loaded System Directive: org.apache.velocity.runtime.directive.Define
2017-04-28 15:21:22,318 - Loaded System Directive: org.apache.velocity.runtime.directive.Break
2017-04-28 15:21:22,319 - Loaded System Directive: org.apache.velocity.runtime.directive.Evaluate
2017-04-28 15:21:22,319 - Loaded System Directive: org.apache.velocity.runtime.directive.Literal
2017-04-28 15:21:22,320 - Loaded System Directive: org.apache.velocity.runtime.directive.Macro
2017-04-28 15:21:22,321 - Loaded System Directive: org.apache.velocity.runtime.directive.Parse
2017-04-28 15:21:22,322 - Loaded System Directive: org.apache.velocity.runtime.directive.Include
2017-04-28 15:21:22,324 - Loaded System Directive: org.apache.velocity.runtime.directive.Foreach
2017-04-28 15:21:22,354 - Created '20' parsers.
2017-04-28 15:21:22,359 - Velocimacro : "velocimacro.library" is not set.  Trying default library: VM_global_library.vm
2017-04-28 15:21:22,360 - Velocimacro : Default library not found.
2017-04-28 15:21:22,360 - Velocimacro : allowInline = true : VMs can be defined inline in templates
2017-04-28 15:21:22,360 - Velocimacro : allowInlineToOverride = false : VMs defined inline may NOT replace previous VM definitions
2017-04-28 15:21:22,360 - Velocimacro : allowInlineLocal = false : VMs defined inline will be global in scope if allowed.
2017-04-28 15:21:22,360 - Velocimacro : autoload off : VM system will not automatically reload global library macros
2017-04-28 15:30:50,182 - Log4JLogChute initialized using file 'velocity.log'
2017-04-28 15:30:50,183 - Initializing Velocity, Calling init()...
2017-04-28 15:30:50,183 - Starting Apache Velocity v1.7 (compiled: 2010-11-19 12:14:37)
2017-04-28 15:30:50,183 - Default Properties File: org/apache/velocity/runtime/defaults/velocity.properties
2017-04-28 15:30:50,183 - Trying to use logger class org.apache.velocity.runtime.log.AvalonLogChute
2017-04-28 15:30:50,183 - Target log system for org.apache.velocity.runtime.log.AvalonLogChute is not available (java.lang.NoClassDefFoundError: org/apache/log/format/Formatter).  Falling back to next log system...
2017-04-28 15:30:50,183 - Trying to use logger class org.apache.velocity.runtime.log.Log4JLogChute
2017-04-28 15:30:50,183 - Using logger class org.apache.velocity.runtime.log.Log4JLogChute
2017-04-28 15:30:50,192 - ResourceLoader instantiated: org.apache.velocity.runtime.resource.loader.FileResourceLoader
2017-04-28 15:30:50,193 - Do unicode file recognition:  false
2017-04-28 15:30:50,193 - FileResourceLoader : adding path '.'
2017-04-28 15:30:50,206 - ResourceCache: initialized (class org.apache.velocity.runtime.resource.ResourceCacheImpl) with class java.util.Collections$SynchronizedMap cache map.
2017-04-28 15:30:50,207 - Loaded System Directive: org.apache.velocity.runtime.directive.Stop
2017-04-28 15:30:50,209 - Loaded System Directive: org.apache.velocity.runtime.directive.Define
2017-04-28 15:30:50,209 - Loaded System Directive: org.apache.velocity.runtime.directive.Break
2017-04-28 15:30:50,210 - Loaded System Directive: org.apache.velocity.runtime.directive.Evaluate
2017-04-28 15:30:50,211 - Loaded System Directive: org.apache.velocity.runtime.directive.Literal
2017-04-28 15:30:50,212 - Loaded System Directive: org.apache.velocity.runtime.directive.Macro
2017-04-28 15:30:50,213 - Loaded System Directive: org.apache.velocity.runtime.directive.Parse
2017-04-28 15:30:50,214 - Loaded System Directive: org.apache.velocity.runtime.directive.Include
2017-04-28 15:30:50,216 - Loaded System Directive: org.apache.velocity.runtime.directive.Foreach
2017-04-28 15:30:50,247 - Created '20' parsers.
2017-04-28 15:30:50,252 - Velocimacro : "velocimacro.library" is not set.  Trying default library: VM_global_library.vm
2017-04-28 15:30:50,253 - Velocimacro : Default library not found.
2017-04-28 15:30:50,253 - Velocimacro : allowInline = true : VMs can be defined inline in templates
2017-04-28 15:30:50,253 - Velocimacro : allowInlineToOverride = false : VMs defined inline may NOT replace previous VM definitions
2017-04-28 15:30:50,253 - Velocimacro : allowInlineLocal = false : VMs defined inline will be global in scope if allowed.
2017-04-28 15:30:50,253 - Velocimacro : autoload off : VM system will not automatically reload global library macros
2017-04-28 16:31:33,339 - Log4JLogChute initialized using file 'velocity.log'
2017-04-28 16:31:33,340 - Initializing Velocity, Calling init()...
2017-04-28 16:31:33,340 - Starting Apache Velocity v1.7 (compiled: 2010-11-19 12:14:37)
2017-04-28 16:31:33,340 - Default Properties File: org/apache/velocity/runtime/defaults/velocity.properties
2017-04-28 16:31:33,340 - Trying to use logger class org.apache.velocity.runtime.log.AvalonLogChute
2017-04-28 16:31:33,340 - Target log system for org.apache.velocity.runtime.log.AvalonLogChute is not available (java.lang.NoClassDefFoundError: org/apache/log/format/Formatter).  Falling back to next log system...
2017-04-28 16:31:33,340 - Trying to use logger class org.apache.velocity.runtime.log.Log4JLogChute
2017-04-28 16:31:33,340 - Using logger class org.apache.velocity.runtime.log.Log4JLogChute
2017-04-28 16:31:33,346 - ResourceLoader instantiated: org.apache.velocity.runtime.resource.loader.FileResourceLoader
2017-04-28 16:31:33,347 - Do unicode file recognition:  false
2017-04-28 16:31:33,347 - FileResourceLoader : adding path '.'
2017-04-28 16:31:33,359 - ResourceCache: initialized (class org.apache.velocity.runtime.resource.ResourceCacheImpl) with class java.util.Collections$SynchronizedMap cache map.
2017-04-28 16:31:33,360 - Loaded System Directive: org.apache.velocity.runtime.directive.Stop
2017-04-28 16:31:33,361 - Loaded System Directive: org.apache.velocity.runtime.directive.Define
2017-04-28 16:31:33,362 - Loaded System Directive: org.apache.velocity.runtime.directive.Break
2017-04-28 16:31:33,363 - Loaded System Directive: org.apache.velocity.runtime.directive.Evaluate
2017-04-28 16:31:33,363 - Loaded System Directive: org.apache.velocity.runtime.directive.Literal
2017-04-28 16:31:33,364 - Loaded System Directive: org.apache.velocity.runtime.directive.Macro
2017-04-28 16:31:33,366 - Loaded System Directive: org.apache.velocity.runtime.directive.Parse
2017-04-28 16:31:33,367 - Loaded System Directive: org.apache.velocity.runtime.directive.Include
2017-04-28 16:31:33,368 - Loaded System Directive: org.apache.velocity.runtime.directive.Foreach
2017-04-28 16:31:33,400 - Created '20' parsers.
2017-04-28 16:31:33,405 - Velocimacro : "velocimacro.library" is not set.  Trying default library: VM_global_library.vm
2017-04-28 16:31:33,405 - Velocimacro : Default library not found.
2017-04-28 16:31:33,405 - Velocimacro : allowInline = true : VMs can be defined inline in templates
2017-04-28 16:31:33,405 - Velocimacro : allowInlineToOverride = false : VMs defined inline may NOT replace previous VM definitions
2017-04-28 16:31:33,405 - Velocimacro : allowInlineLocal = false : VMs defined inline will be global in scope if allowed.
2017-04-28 16:31:33,405 - Velocimacro : autoload off : VM system will not automatically reload global library macros
2017-04-28 17:59:05,957 - Log4JLogChute initialized using file 'velocity.log'
2017-04-28 17:59:05,962 - Initializing Velocity, Calling init()...
2017-04-28 17:59:05,963 - Starting Apache Velocity v1.7 (compiled: 2010-11-19 12:14:37)
2017-04-28 17:59:05,963 - Default Properties File: org/apache/velocity/runtime/defaults/velocity.properties
2017-04-28 17:59:05,963 - Trying to use logger class org.apache.velocity.runtime.log.AvalonLogChute
2017-04-28 17:59:05,963 - Target log system for org.apache.velocity.runtime.log.AvalonLogChute is not available (java.lang.NoClassDefFoundError: org/apache/log/format/Formatter).  Falling back to next log system...
2017-04-28 17:59:05,963 - Trying to use logger class org.apache.velocity.runtime.log.Log4JLogChute
2017-04-28 17:59:05,963 - Using logger class org.apache.velocity.runtime.log.Log4JLogChute
2017-04-28 17:59:05,971 - ResourceLoader instantiated: org.apache.velocity.runtime.resource.loader.FileResourceLoader
2017-04-28 17:59:05,973 - Do unicode file recognition:  false
2017-04-28 17:59:05,973 - FileResourceLoader : adding path '.'
2017-04-28 17:59:06,021 - ResourceCache: initialized (class org.apache.velocity.runtime.resource.ResourceCacheImpl) with class java.util.Collections$SynchronizedMap cache map.
2017-04-28 17:59:06,028 - Loaded System Directive: org.apache.velocity.runtime.directive.Stop
2017-04-28 17:59:06,031 - Loaded System Directive: org.apache.velocity.runtime.directive.Define
2017-04-28 17:59:06,033 - Loaded System Directive: org.apache.velocity.runtime.directive.Break
2017-04-28 17:59:06,035 - Loaded System Directive: org.apache.velocity.runtime.directive.Evaluate
2017-04-28 17:59:06,036 - Loaded System Directive: org.apache.velocity.runtime.directive.Literal
2017-04-28 17:59:06,038 - Loaded System Directive: org.apache.velocity.runtime.directive.Macro
2017-04-28 17:59:06,040 - Loaded System Directive: org.apache.velocity.runtime.directive.Parse
2017-04-28 17:59:06,042 - Loaded System Directive: org.apache.velocity.runtime.directive.Include
2017-04-28 17:59:06,044 - Loaded System Directive: org.apache.velocity.runtime.directive.Foreach
2017-04-28 17:59:06,083 - Created '20' parsers.
2017-04-28 17:59:06,089 - Velocimacro : "velocimacro.library" is not set.  Trying default library: VM_global_library.vm
2017-04-28 17:59:06,090 - Velocimacro : Default library not found.
2017-04-28 17:59:06,090 - Velocimacro : allowInline = true : VMs can be defined inline in templates
2017-04-28 17:59:06,090 - Velocimacro : allowInlineToOverride = false : VMs defined inline may NOT replace previous VM definitions
2017-04-28 17:59:06,090 - Velocimacro : allowInlineLocal = false : VMs defined inline will be global in scope if allowed.
2017-04-28 17:59:06,090 - Velocimacro : autoload off : VM system will not automatically reload global library macros
2017-04-28 22:52:19,243 - Log4JLogChute initialized using file 'velocity.log'
2017-04-28 22:52:19,243 - Initializing Velocity, Calling init()...
2017-04-28 22:52:19,243 - Starting Apache Velocity v1.7 (compiled: 2010-11-19 12:14:37)
2017-04-28 22:52:19,243 - Default Properties File: org/apache/velocity/runtime/defaults/velocity.properties
2017-04-28 22:52:19,243 - Trying to use logger class org.apache.velocity.runtime.log.AvalonLogChute
2017-04-28 22:52:19,243 - Target log system for org.apache.velocity.runtime.log.AvalonLogChute is not available (java.lang.NoClassDefFoundError: org/apache/log/format/Formatter).  Falling back to next log system...
2017-04-28 22:52:19,243 - Trying to use logger class org.apache.velocity.runtime.log.Log4JLogChute
2017-04-28 22:52:19,243 - Using logger class org.apache.velocity.runtime.log.Log4JLogChute
2017-04-28 22:52:19,250 - ResourceLoader instantiated: org.apache.velocity.runtime.resource.loader.FileResourceLoader
2017-04-28 22:52:19,252 - Do unicode file recognition:  false
2017-04-28 22:52:19,252 - FileResourceLoader : adding path '.'
2017-04-28 22:52:19,265 - ResourceCache: initialized (class org.apache.velocity.runtime.resource.ResourceCacheImpl) with class java.util.Collections$SynchronizedMap cache map.
2017-04-28 22:52:19,267 - Loaded System Directive: org.apache.velocity.runtime.directive.Stop
2017-04-28 22:52:19,268 - Loaded System Directive: org.apache.velocity.runtime.directive.Define
2017-04-28 22:52:19,269 - Loaded System Directive: org.apache.velocity.runtime.directive.Break
2017-04-28 22:52:19,270 - Loaded System Directive: org.apache.velocity.runtime.directive.Evaluate
2017-04-28 22:52:19,271 - Loaded System Directive: org.apache.velocity.runtime.directive.Literal
2017-04-28 22:52:19,272 - Loaded System Directive: org.apache.velocity.runtime.directive.Macro
2017-04-28 22:52:19,274 - Loaded System Directive: org.apache.velocity.runtime.directive.Parse
2017-04-28 22:52:19,276 - Loaded System Directive: org.apache.velocity.runtime.directive.Include
2017-04-28 22:52:19,277 - Loaded System Directive: org.apache.velocity.runtime.directive.Foreach
2017-04-28 22:52:19,311 - Created '20' parsers.
2017-04-28 22:52:19,316 - Velocimacro : "velocimacro.library" is not set.  Trying default library: VM_global_library.vm
2017-04-28 22:52:19,317 - Velocimacro : Default library not found.
2017-04-28 22:52:19,317 - Velocimacro : allowInline = true : VMs can be defined inline in templates
2017-04-28 22:52:19,317 - Velocimacro : allowInlineToOverride = false : VMs defined inline may NOT replace previous VM definitions
2017-04-28 22:52:19,317 - Velocimacro : allowInlineLocal = false : VMs defined inline will be global in scope if allowed.
2017-04-28 22:52:19,317 - Velocimacro : autoload off : VM system will not automatically reload global library macros
2017-04-29 00:54:23,237 - Log4JLogChute initialized using file 'velocity.log'
2017-04-29 00:54:23,238 - Initializing Velocity, Calling init()...
2017-04-29 00:54:23,238 - Starting Apache Velocity v1.7 (compiled: 2010-11-19 12:14:37)
2017-04-29 00:54:23,238 - Default Properties File: org/apache/velocity/runtime/defaults/velocity.properties
2017-04-29 00:54:23,238 - Trying to use logger class org.apache.velocity.runtime.log.AvalonLogChute
2017-04-29 00:54:23,238 - Target log system for org.apache.velocity.runtime.log.AvalonLogChute is not available (java.lang.NoClassDefFoundError: org/apache/log/format/Formatter).  Falling back to next log system...
2017-04-29 00:54:23,238 - Trying to use logger class org.apache.velocity.runtime.log.Log4JLogChute
2017-04-29 00:54:23,238 - Using logger class org.apache.velocity.runtime.log.Log4JLogChute
2017-04-29 00:54:23,244 - ResourceLoader instantiated: org.apache.velocity.runtime.resource.loader.FileResourceLoader
2017-04-29 00:54:23,245 - Do unicode file recognition:  false
2017-04-29 00:54:23,246 - FileResourceLoader : adding path '.'
2017-04-29 00:54:23,258 - ResourceCache: initialized (class org.apache.velocity.runtime.resource.ResourceCacheImpl) with class java.util.Collections$SynchronizedMap cache map.
2017-04-29 00:54:23,260 - Loaded System Directive: org.apache.velocity.runtime.directive.Stop
2017-04-29 00:54:23,262 - Loaded System Directive: org.apache.velocity.runtime.directive.Define
2017-04-29 00:54:23,264 - Loaded System Directive: org.apache.velocity.runtime.directive.Break
2017-04-29 00:54:23,268 - Loaded System Directive: org.apache.velocity.runtime.directive.Evaluate
2017-04-29 00:54:23,270 - Loaded System Directive: org.apache.velocity.runtime.directive.Literal
2017-04-29 00:54:23,272 - Loaded System Directive: org.apache.velocity.runtime.directive.Macro
2017-04-29 00:54:23,278 - Loaded System Directive: org.apache.velocity.runtime.directive.Parse
2017-04-29 00:54:23,281 - Loaded System Directive: org.apache.velocity.runtime.directive.Include
2017-04-29 00:54:23,283 - Loaded System Directive: org.apache.velocity.runtime.directive.Foreach
2017-04-29 00:54:23,326 - Created '20' parsers.
2017-04-29 00:54:23,332 - Velocimacro : "velocimacro.library" is not set.  Trying default library: VM_global_library.vm
2017-04-29 00:54:23,333 - Velocimacro : Default library not found.
2017-04-29 00:54:23,333 - Velocimacro : allowInline = true : VMs can be defined inline in templates
2017-04-29 00:54:23,333 - Velocimacro : allowInlineToOverride = false : VMs defined inline may NOT replace previous VM definitions
2017-04-29 00:54:23,333 - Velocimacro : allowInlineLocal = false : VMs defined inline will be global in scope if allowed.
2017-04-29 00:54:23,333 - Velocimacro : autoload off : VM system will not automatically reload global library macros
2017-04-29 00:56:03,484 - Log4JLogChute initialized using file 'velocity.log'
2017-04-29 00:56:03,485 - Initializing Velocity, Calling init()...
2017-04-29 00:56:03,485 - Starting Apache Velocity v1.7 (compiled: 2010-11-19 12:14:37)
2017-04-29 00:56:03,485 - Default Properties File: org/apache/velocity/runtime/defaults/velocity.properties
2017-04-29 00:56:03,485 - Trying to use logger class org.apache.velocity.runtime.log.AvalonLogChute
2017-04-29 00:56:03,485 - Target log system for org.apache.velocity.runtime.log.AvalonLogChute is not available (java.lang.NoClassDefFoundError: org/apache/log/format/Formatter).  Falling back to next log system...
2017-04-29 00:56:03,485 - Trying to use logger class org.apache.velocity.runtime.log.Log4JLogChute
2017-04-29 00:56:03,485 - Using logger class org.apache.velocity.runtime.log.Log4JLogChute
2017-04-29 00:56:03,491 - ResourceLoader instantiated: org.apache.velocity.runtime.resource.loader.FileResourceLoader
2017-04-29 00:56:03,492 - Do unicode file recognition:  false
2017-04-29 00:56:03,492 - FileResourceLoader : adding path '.'
2017-04-29 00:56:03,504 - ResourceCache: initialized (class org.apache.velocity.runtime.resource.ResourceCacheImpl) with class java.util.Collections$SynchronizedMap cache map.
2017-04-29 00:56:03,506 - Loaded System Directive: org.apache.velocity.runtime.directive.Stop
2017-04-29 00:56:03,507 - Loaded System Directive: org.apache.velocity.runtime.directive.Define
2017-04-29 00:56:03,508 - Loaded System Directive: org.apache.velocity.runtime.directive.Break
2017-04-29 00:56:03,509 - Loaded System Directive: org.apache.velocity.runtime.directive.Evaluate
2017-04-29 00:56:03,510 - Loaded System Directive: org.apache.velocity.runtime.directive.Literal
2017-04-29 00:56:03,511 - Loaded System Directive: org.apache.velocity.runtime.directive.Macro
2017-04-29 00:56:03,512 - Loaded System Directive: org.apache.velocity.runtime.directive.Parse
2017-04-29 00:56:03,513 - Loaded System Directive: org.apache.velocity.runtime.directive.Include
2017-04-29 00:56:03,515 - Loaded System Directive: org.apache.velocity.runtime.directive.Foreach
2017-04-29 00:56:03,545 - Created '20' parsers.
2017-04-29 00:56:03,550 - Velocimacro : "velocimacro.library" is not set.  Trying default library: VM_global_library.vm
2017-04-29 00:56:03,550 - Velocimacro : Default library not found.
2017-04-29 00:56:03,550 - Velocimacro : allowInline = true : VMs can be defined inline in templates
2017-04-29 00:56:03,550 - Velocimacro : allowInlineToOverride = false : VMs defined inline may NOT replace previous VM definitions
2017-04-29 00:56:03,550 - Velocimacro : allowInlineLocal = false : VMs defined inline will be global in scope if allowed.
2017-04-29 00:56:03,550 - Velocimacro : autoload off : VM system will not automatically reload global library macros
2017-04-29 00:58:59,591 - Log4JLogChute initialized using file 'velocity.log'
2017-04-29 00:58:59,593 - Initializing Velocity, Calling init()...
2017-04-29 00:58:59,593 - Starting Apache Velocity v1.7 (compiled: 2010-11-19 12:14:37)
2017-04-29 00:58:59,593 - Default Properties File: org/apache/velocity/runtime/defaults/velocity.properties
2017-04-29 00:58:59,593 - Trying to use logger class org.apache.velocity.runtime.log.AvalonLogChute
2017-04-29 00:58:59,593 - Target log system for org.apache.velocity.runtime.log.AvalonLogChute is not available (java.lang.NoClassDefFoundError: org/apache/log/format/Formatter).  Falling back to next log system...
2017-04-29 00:58:59,593 - Trying to use logger class org.apache.velocity.runtime.log.Log4JLogChute
2017-04-29 00:58:59,594 - Using logger class org.apache.velocity.runtime.log.Log4JLogChute
2017-04-29 00:58:59,604 - ResourceLoader instantiated: org.apache.velocity.runtime.resource.loader.FileResourceLoader
2017-04-29 00:58:59,606 - Do unicode file recognition:  false
2017-04-29 00:58:59,606 - FileResourceLoader : adding path '.'
2017-04-29 00:58:59,621 - ResourceCache: initialized (class org.apache.velocity.runtime.resource.ResourceCacheImpl) with class java.util.Collections$SynchronizedMap cache map.
2017-04-29 00:58:59,623 - Loaded System Directive: org.apache.velocity.runtime.directive.Stop
2017-04-29 00:58:59,624 - Loaded System Directive: org.apache.velocity.runtime.directive.Define
2017-04-29 00:58:59,625 - Loaded System Directive: org.apache.velocity.runtime.directive.Break
2017-04-29 00:58:59,626 - Loaded System Directive: org.apache.velocity.runtime.directive.Evaluate
2017-04-29 00:58:59,627 - Loaded System Directive: org.apache.velocity.runtime.directive.Literal
2017-04-29 00:58:59,628 - Loaded System Directive: org.apache.velocity.runtime.directive.Macro
2017-04-29 00:58:59,630 - Loaded System Directive: org.apache.velocity.runtime.directive.Parse
2017-04-29 00:58:59,631 - Loaded System Directive: org.apache.velocity.runtime.directive.Include
2017-04-29 00:58:59,633 - Loaded System Directive: org.apache.velocity.runtime.directive.Foreach
2017-04-29 00:58:59,670 - Created '20' parsers.
2017-04-29 00:58:59,676 - Velocimacro : "velocimacro.library" is not set.  Trying default library: VM_global_library.vm
2017-04-29 00:58:59,676 - Velocimacro : Default library not found.
2017-04-29 00:58:59,676 - Velocimacro : allowInline = true : VMs can be defined inline in templates
2017-04-29 00:58:59,676 - Velocimacro : allowInlineToOverride = false : VMs defined inline may NOT replace previous VM definitions
2017-04-29 00:58:59,676 - Velocimacro : allowInlineLocal = false : VMs defined inline will be global in scope if allowed.
2017-04-29 00:58:59,676 - Velocimacro : autoload off : VM system will not automatically reload global library macros
2017-04-29 01:07:25,632 - Log4JLogChute initialized using file 'velocity.log'
2017-04-29 01:07:25,633 - Initializing Velocity, Calling init()...
2017-04-29 01:07:25,633 - Starting Apache Velocity v1.7 (compiled: 2010-11-19 12:14:37)
2017-04-29 01:07:25,633 - Default Properties File: org/apache/velocity/runtime/defaults/velocity.properties
2017-04-29 01:07:25,633 - Trying to use logger class org.apache.velocity.runtime.log.AvalonLogChute
2017-04-29 01:07:25,633 - Target log system for org.apache.velocity.runtime.log.AvalonLogChute is not available (java.lang.NoClassDefFoundError: org/apache/log/format/Formatter).  Falling back to next log system...
2017-04-29 01:07:25,633 - Trying to use logger class org.apache.velocity.runtime.log.Log4JLogChute
2017-04-29 01:07:25,633 - Using logger class org.apache.velocity.runtime.log.Log4JLogChute
2017-04-29 01:07:25,638 - ResourceLoader instantiated: org.apache.velocity.runtime.resource.loader.FileResourceLoader
2017-04-29 01:07:25,639 - Do unicode file recognition:  false
2017-04-29 01:07:25,639 - FileResourceLoader : adding path '.'
2017-04-29 01:07:25,650 - ResourceCache: initialized (class org.apache.velocity.runtime.resource.ResourceCacheImpl) with class java.util.Collections$SynchronizedMap cache map.
2017-04-29 01:07:25,652 - Loaded System Directive: org.apache.velocity.runtime.directive.Stop
2017-04-29 01:07:25,653 - Loaded System Directive: org.apache.velocity.runtime.directive.Define
2017-04-29 01:07:25,654 - Loaded System Directive: org.apache.velocity.runtime.directive.Break
2017-04-29 01:07:25,655 - Loaded System Directive: org.apache.velocity.runtime.directive.Evaluate
2017-04-29 01:07:25,656 - Loaded System Directive: org.apache.velocity.runtime.directive.Literal
2017-04-29 01:07:25,657 - Loaded System Directive: org.apache.velocity.runtime.directive.Macro
2017-04-29 01:07:25,658 - Loaded System Directive: org.apache.velocity.runtime.directive.Parse
2017-04-29 01:07:25,659 - Loaded System Directive: org.apache.velocity.runtime.directive.Include
2017-04-29 01:07:25,661 - Loaded System Directive: org.apache.velocity.runtime.directive.Foreach
2017-04-29 01:07:25,689 - Created '20' parsers.
2017-04-29 01:07:25,694 - Velocimacro : "velocimacro.library" is not set.  Trying default library: VM_global_library.vm
2017-04-29 01:07:25,694 - Velocimacro : Default library not found.
2017-04-29 01:07:25,694 - Velocimacro : allowInline = true : VMs can be defined inline in templates
2017-04-29 01:07:25,694 - Velocimacro : allowInlineToOverride = false : VMs defined inline may NOT replace previous VM definitions
2017-04-29 01:07:25,694 - Velocimacro : allowInlineLocal = false : VMs defined inline will be global in scope if allowed.
2017-04-29 01:07:25,694 - Velocimacro : autoload off : VM system will not automatically reload global library macros
2017-04-29 01:08:24,868 - Log4JLogChute initialized using file 'velocity.log'
2017-04-29 01:08:24,869 - Initializing Velocity, Calling init()...
2017-04-29 01:08:24,870 - Starting Apache Velocity v1.7 (compiled: 2010-11-19 12:14:37)
2017-04-29 01:08:24,870 - Default Properties File: org/apache/velocity/runtime/defaults/velocity.properties
2017-04-29 01:08:24,870 - Trying to use logger class org.apache.velocity.runtime.log.AvalonLogChute
2017-04-29 01:08:24,870 - Target log system for org.apache.velocity.runtime.log.AvalonLogChute is not available (java.lang.NoClassDefFoundError: org/apache/log/format/Formatter).  Falling back to next log system...
2017-04-29 01:08:24,870 - Trying to use logger class org.apache.velocity.runtime.log.Log4JLogChute
2017-04-29 01:08:24,870 - Using logger class org.apache.velocity.runtime.log.Log4JLogChute
2017-04-29 01:08:24,887 - ResourceLoader instantiated: org.apache.velocity.runtime.resource.loader.FileResourceLoader
2017-04-29 01:08:24,894 - Do unicode file recognition:  false
2017-04-29 01:08:24,894 - FileResourceLoader : adding path '.'
2017-04-29 01:08:24,934 - ResourceCache: initialized (class org.apache.velocity.runtime.resource.ResourceCacheImpl) with class java.util.Collections$SynchronizedMap cache map.
2017-04-29 01:08:24,936 - Loaded System Directive: org.apache.velocity.runtime.directive.Stop
2017-04-29 01:08:24,938 - Loaded System Directive: org.apache.velocity.runtime.directive.Define
2017-04-29 01:08:24,940 - Loaded System Directive: org.apache.velocity.runtime.directive.Break
2017-04-29 01:08:24,941 - Loaded System Directive: org.apache.velocity.runtime.directive.Evaluate
2017-04-29 01:08:24,942 - Loaded System Directive: org.apache.velocity.runtime.directive.Literal
2017-04-29 01:08:24,944 - Loaded System Directive: org.apache.velocity.runtime.directive.Macro
2017-04-29 01:08:24,946 - Loaded System Directive: org.apache.velocity.runtime.directive.Parse
2017-04-29 01:08:24,948 - Loaded System Directive: org.apache.velocity.runtime.directive.Include
2017-04-29 01:08:24,951 - Loaded System Directive: org.apache.velocity.runtime.directive.Foreach
2017-04-29 01:08:24,990 - Created '20' parsers.
2017-04-29 01:08:25,020 - Velocimacro : "velocimacro.library" is not set.  Trying default library: VM_global_library.vm
2017-04-29 01:08:25,021 - Velocimacro : Default library not found.
2017-04-29 01:08:25,021 - Velocimacro : allowInline = true : VMs can be defined inline in templates
2017-04-29 01:08:25,021 - Velocimacro : allowInlineToOverride = false : VMs defined inline may NOT replace previous VM definitions
2017-04-29 01:08:25,021 - Velocimacro : allowInlineLocal = false : VMs defined inline will be global in scope if allowed.
2017-04-29 01:08:25,021 - Velocimacro : autoload off : VM system will not automatically reload global library macros
2017-04-29 01:10:56,063 - Log4JLogChute initialized using file 'velocity.log'
2017-04-29 01:10:56,064 - Initializing Velocity, Calling init()...
2017-04-29 01:10:56,064 - Starting Apache Velocity v1.7 (compiled: 2010-11-19 12:14:37)
2017-04-29 01:10:56,064 - Default Properties File: org/apache/velocity/runtime/defaults/velocity.properties
2017-04-29 01:10:56,064 - Trying to use logger class org.apache.velocity.runtime.log.AvalonLogChute
2017-04-29 01:10:56,065 - Target log system for org.apache.velocity.runtime.log.AvalonLogChute is not available (java.lang.NoClassDefFoundError: org/apache/log/format/Formatter).  Falling back to next log system...
2017-04-29 01:10:56,065 - Trying to use logger class org.apache.velocity.runtime.log.Log4JLogChute
2017-04-29 01:10:56,065 - Using logger class org.apache.velocity.runtime.log.Log4JLogChute
2017-04-29 01:10:56,078 - ResourceLoader instantiated: org.apache.velocity.runtime.resource.loader.FileResourceLoader
2017-04-29 01:10:56,080 - Do unicode file recognition:  false
2017-04-29 01:10:56,080 - FileResourceLoader : adding path '.'
2017-04-29 01:10:56,112 - ResourceCache: initialized (class org.apache.velocity.runtime.resource.ResourceCacheImpl) with class java.util.Collections$SynchronizedMap cache map.
2017-04-29 01:10:56,115 - Loaded System Directive: org.apache.velocity.runtime.directive.Stop
2017-04-29 01:10:56,120 - Loaded System Directive: org.apache.velocity.runtime.directive.Define
2017-04-29 01:10:56,123 - Loaded System Directive: org.apache.velocity.runtime.directive.Break
2017-04-29 01:10:56,124 - Loaded System Directive: org.apache.velocity.runtime.directive.Evaluate
2017-04-29 01:10:56,126 - Loaded System Directive: org.apache.velocity.runtime.directive.Literal
2017-04-29 01:10:56,128 - Loaded System Directive: org.apache.velocity.runtime.directive.Macro
2017-04-29 01:10:56,131 - Loaded System Directive: org.apache.velocity.runtime.directive.Parse
2017-04-29 01:10:56,136 - Loaded System Directive: org.apache.velocity.runtime.directive.Include
2017-04-29 01:10:56,141 - Loaded System Directive: org.apache.velocity.runtime.directive.Foreach
2017-04-29 01:10:56,219 - Created '20' parsers.
2017-04-29 01:10:56,238 - Velocimacro : "velocimacro.library" is not set.  Trying default library: VM_global_library.vm
2017-04-29 01:10:56,239 - Velocimacro : Default library not found.
2017-04-29 01:10:56,240 - Velocimacro : allowInline = true : VMs can be defined inline in templates
2017-04-29 01:10:56,240 - Velocimacro : allowInlineToOverride = false : VMs defined inline may NOT replace previous VM definitions
2017-04-29 01:10:56,240 - Velocimacro : allowInlineLocal = false : VMs defined inline will be global in scope if allowed.
2017-04-29 01:10:56,241 - Velocimacro : autoload off : VM system will not automatically reload global library macros
2017-04-29 01:13:10,248 - Log4JLogChute initialized using file 'velocity.log'
2017-04-29 01:13:10,248 - Initializing Velocity, Calling init()...
2017-04-29 01:13:10,249 - Starting Apache Velocity v1.7 (compiled: 2010-11-19 12:14:37)
2017-04-29 01:13:10,249 - Default Properties File: org/apache/velocity/runtime/defaults/velocity.properties
2017-04-29 01:13:10,249 - Trying to use logger class org.apache.velocity.runtime.log.AvalonLogChute
2017-04-29 01:13:10,249 - Target log system for org.apache.velocity.runtime.log.AvalonLogChute is not available (java.lang.NoClassDefFoundError: org/apache/log/format/Formatter).  Falling back to next log system...
2017-04-29 01:13:10,249 - Trying to use logger class org.apache.velocity.runtime.log.Log4JLogChute
2017-04-29 01:13:10,249 - Using logger class org.apache.velocity.runtime.log.Log4JLogChute
2017-04-29 01:13:10,257 - ResourceLoader instantiated: org.apache.velocity.runtime.resource.loader.FileResourceLoader
2017-04-29 01:13:10,262 - Do unicode file recognition:  false
2017-04-29 01:13:10,262 - FileResourceLoader : adding path '.'
2017-04-29 01:13:10,278 - ResourceCache: initialized (class org.apache.velocity.runtime.resource.ResourceCacheImpl) with class java.util.Collections$SynchronizedMap cache map.
2017-04-29 01:13:10,280 - Loaded System Directive: org.apache.velocity.runtime.directive.Stop
2017-04-29 01:13:10,282 - Loaded System Directive: org.apache.velocity.runtime.directive.Define
2017-04-29 01:13:10,283 - Loaded System Directive: org.apache.velocity.runtime.directive.Break
2017-04-29 01:13:10,284 - Loaded System Directive: org.apache.velocity.runtime.directive.Evaluate
2017-04-29 01:13:10,285 - Loaded System Directive: org.apache.velocity.runtime.directive.Literal
2017-04-29 01:13:10,286 - Loaded System Directive: org.apache.velocity.runtime.directive.Macro
2017-04-29 01:13:10,288 - Loaded System Directive: org.apache.velocity.runtime.directive.Parse
2017-04-29 01:13:10,290 - Loaded System Directive: org.apache.velocity.runtime.directive.Include
2017-04-29 01:13:10,292 - Loaded System Directive: org.apache.velocity.runtime.directive.Foreach
2017-04-29 01:13:10,339 - Created '20' parsers.
2017-04-29 01:13:10,348 - Velocimacro : "velocimacro.library" is not set.  Trying default library: VM_global_library.vm
2017-04-29 01:13:10,349 - Velocimacro : Default library not found.
2017-04-29 01:13:10,350 - Velocimacro : allowInline = true : VMs can be defined inline in templates
2017-04-29 01:13:10,350 - Velocimacro : allowInlineToOverride = false : VMs defined inline may NOT replace previous VM definitions
2017-04-29 01:13:10,351 - Velocimacro : allowInlineLocal = false : VMs defined inline will be global in scope if allowed.
2017-04-29 01:13:10,351 - Velocimacro : autoload off : VM system will not automatically reload global library macros
